<?xml version="1.0" encoding="UTF-8"?>
<robot generator="Robot 4.1.2 (Python 3.8.5 on darwin)" generated="20211213 19:37:34.238" rpa="false" schemaversion="2">
<suite id="s1" name="Tests" source="/Users/gavin/Desktop/SeleniumIDERobotFrameworkPrac/tests">
<suite id="s1-s1" name="Bugged Login" source="/Users/gavin/Desktop/SeleniumIDERobotFrameworkPrac/tests/bugged_login.robot">
<test id="s1-s1-t1" name="Problem User">
<kw name="Open Browser" library="SeleniumLibrary">
<arg>https://www.saucedemo.com/</arg>
<arg>chrome</arg>
<doc>Opens a new browser instance to the optional ``url``.</doc>
<msg timestamp="20211213 19:37:34.363" level="INFO">Opening browser 'chrome' to base url 'https://www.saucedemo.com/'.</msg>
<status status="PASS" starttime="20211213 19:37:34.363" endtime="20211213 19:37:37.876"/>
</kw>
<kw name="Maximize Browser Window" library="SeleniumLibrary">
<doc>Maximizes current browser window.</doc>
<status status="PASS" starttime="20211213 19:37:37.877" endtime="20211213 19:37:38.064"/>
</kw>
<kw name="Set Selenium Speed" library="SeleniumLibrary">
<arg>0.2</arg>
<doc>Sets the delay that is waited after each Selenium command.</doc>
<status status="PASS" starttime="20211213 19:37:38.064" endtime="20211213 19:37:38.065"/>
</kw>
<kw name="Page Should Contain Element" library="SeleniumLibrary">
<arg>login-button</arg>
<doc>Verifies that element ``locator`` is found on the current page.</doc>
<msg timestamp="20211213 19:37:38.336" level="INFO">Current page contains element 'login-button'.</msg>
<status status="PASS" starttime="20211213 19:37:38.065" endtime="20211213 19:37:38.336"/>
</kw>
<kw name="Input Text" library="SeleniumLibrary">
<arg>user-name</arg>
<arg>problem_user</arg>
<doc>Types the given ``text`` into the text field identified by ``locator``.</doc>
<msg timestamp="20211213 19:37:38.337" level="INFO">Typing text 'problem_user' into text field 'user-name'.</msg>
<status status="PASS" starttime="20211213 19:37:38.336" endtime="20211213 19:37:39.280"/>
</kw>
<kw name="Input Password" library="SeleniumLibrary">
<arg>password</arg>
<arg>secret_sauce</arg>
<doc>Types the given password into the text field identified by ``locator``.</doc>
<msg timestamp="20211213 19:37:39.281" level="INFO">Typing password into text field 'password'.</msg>
<msg timestamp="20211213 19:37:39.721" level="INFO">Temporally setting log level to: NONE</msg>
<msg timestamp="20211213 19:37:40.007" level="INFO">Log level changed from NONE to INFO.</msg>
<status status="PASS" starttime="20211213 19:37:39.281" endtime="20211213 19:37:40.007"/>
</kw>
<kw name="Click Button" library="SeleniumLibrary">
<arg>login-button</arg>
<doc>Clicks the button identified by ``locator``.</doc>
<msg timestamp="20211213 19:37:40.008" level="INFO">Clicking button 'login-button'.</msg>
<status status="PASS" starttime="20211213 19:37:40.008" endtime="20211213 19:37:41.144"/>
</kw>
<kw name="Element Text Should Be" library="SeleniumLibrary">
<arg>xpath://*[@id="item_3_title_link"]/div</arg>
<arg>Test.allTheThings() T-Shirt (Red)</arg>
<doc>Verifies that element ``locator`` contains exact the text ``expected``.</doc>
<msg timestamp="20211213 19:37:41.145" level="INFO">Verifying element 'xpath://*[@id="item_3_title_link"]/div' contains exact text 'Test.allTheThings() T-Shirt (Red)'.</msg>
<status status="PASS" starttime="20211213 19:37:41.145" endtime="20211213 19:37:41.606"/>
</kw>
<kw name="Close Browser" library="SeleniumLibrary" type="TEARDOWN">
<doc>Closes the current browser.</doc>
<status status="PASS" starttime="20211213 19:37:41.607" endtime="20211213 19:37:41.892"/>
</kw>
<status status="PASS" starttime="20211213 19:37:34.362" endtime="20211213 19:37:41.893"/>
</test>
<doc>A test suite with for the problem user

jfhfhfhf
hsdfhdhfh</doc>
<status status="PASS" starttime="20211213 19:37:34.251" endtime="20211213 19:37:41.895"/>
</suite>
<suite id="s1-s2" name="Invalid Login" source="/Users/gavin/Desktop/SeleniumIDERobotFrameworkPrac/tests/invalid_login.robot">
<test id="s1-s2-t1" name="Invalid Login on Locked Out User">
<kw name="Open Browser" library="SeleniumLibrary">
<arg>https://www.saucedemo.com/</arg>
<arg>chrome</arg>
<doc>Opens a new browser instance to the optional ``url``.</doc>
<msg timestamp="20211213 19:37:41.904" level="INFO">Opening browser 'chrome' to base url 'https://www.saucedemo.com/'.</msg>
<status status="PASS" starttime="20211213 19:37:41.904" endtime="20211213 19:37:45.404"/>
</kw>
<kw name="Maximize Browser Window" library="SeleniumLibrary">
<doc>Maximizes current browser window.</doc>
<status status="PASS" starttime="20211213 19:37:45.405" endtime="20211213 19:37:45.749"/>
</kw>
<kw name="Set Selenium Speed" library="SeleniumLibrary">
<arg>0.2</arg>
<doc>Sets the delay that is waited after each Selenium command.</doc>
<status status="PASS" starttime="20211213 19:37:45.750" endtime="20211213 19:37:45.750"/>
</kw>
<kw name="Page Should Contain Element" library="SeleniumLibrary">
<arg>login-button</arg>
<doc>Verifies that element ``locator`` is found on the current page.</doc>
<msg timestamp="20211213 19:37:46.020" level="INFO">Current page contains element 'login-button'.</msg>
<status status="PASS" starttime="20211213 19:37:45.750" endtime="20211213 19:37:46.021"/>
</kw>
<kw name="Input Text" library="SeleniumLibrary">
<arg>user-name</arg>
<arg>locked_out_user</arg>
<doc>Types the given ``text`` into the text field identified by ``locator``.</doc>
<msg timestamp="20211213 19:37:46.024" level="INFO">Typing text 'locked_out_user' into text field 'user-name'.</msg>
<status status="PASS" starttime="20211213 19:37:46.021" endtime="20211213 19:37:46.927"/>
</kw>
<kw name="Input Password" library="SeleniumLibrary">
<arg>password</arg>
<arg>secret_sauce</arg>
<doc>Types the given password into the text field identified by ``locator``.</doc>
<msg timestamp="20211213 19:37:46.928" level="INFO">Typing password into text field 'password'.</msg>
<msg timestamp="20211213 19:37:47.372" level="INFO">Temporally setting log level to: NONE</msg>
<msg timestamp="20211213 19:37:47.670" level="INFO">Log level changed from NONE to INFO.</msg>
<status status="PASS" starttime="20211213 19:37:46.928" endtime="20211213 19:37:47.670"/>
</kw>
<kw name="Click Button" library="SeleniumLibrary">
<arg>login-button</arg>
<doc>Clicks the button identified by ``locator``.</doc>
<msg timestamp="20211213 19:37:47.670" level="INFO">Clicking button 'login-button'.</msg>
<status status="PASS" starttime="20211213 19:37:47.670" endtime="20211213 19:37:48.544"/>
</kw>
<kw name="Element Text Should Be" library="SeleniumLibrary">
<arg>xpath://*[@id="login_button_container"]/div/form/div[3]/h3</arg>
<arg>Epic sadface: Sorry, this user has been locked out.</arg>
<doc>Verifies that element ``locator`` contains exact the text ``expected``.</doc>
<msg timestamp="20211213 19:37:48.545" level="INFO">Verifying element 'xpath://*[@id="login_button_container"]/div/form/div[3]/h3' contains exact text 'Epic sadface: Sorry, this user has been locked out.'.</msg>
<status status="PASS" starttime="20211213 19:37:48.544" endtime="20211213 19:37:48.997"/>
</kw>
<kw name="Close Browser" library="SeleniumLibrary" type="TEARDOWN">
<doc>Closes the current browser.</doc>
<status status="PASS" starttime="20211213 19:37:48.997" endtime="20211213 19:37:49.259"/>
</kw>
<status status="PASS" starttime="20211213 19:37:41.903" endtime="20211213 19:37:49.259"/>
</test>
<test id="s1-s2-t2" name="Invalid Login on Wrong Password">
<kw name="Open Browser" library="SeleniumLibrary">
<arg>https://www.saucedemo.com/</arg>
<arg>chrome</arg>
<doc>Opens a new browser instance to the optional ``url``.</doc>
<msg timestamp="20211213 19:37:49.261" level="INFO">Opening browser 'chrome' to base url 'https://www.saucedemo.com/'.</msg>
<status status="PASS" starttime="20211213 19:37:49.261" endtime="20211213 19:37:52.581"/>
</kw>
<kw name="Maximize Browser Window" library="SeleniumLibrary">
<doc>Maximizes current browser window.</doc>
<status status="PASS" starttime="20211213 19:37:52.582" endtime="20211213 19:37:52.930"/>
</kw>
<kw name="Set Selenium Speed" library="SeleniumLibrary">
<arg>0.2</arg>
<doc>Sets the delay that is waited after each Selenium command.</doc>
<status status="PASS" starttime="20211213 19:37:52.931" endtime="20211213 19:37:52.934"/>
</kw>
<kw name="Page Should Contain Element" library="SeleniumLibrary">
<arg>login-button</arg>
<doc>Verifies that element ``locator`` is found on the current page.</doc>
<msg timestamp="20211213 19:37:53.198" level="INFO">Current page contains element 'login-button'.</msg>
<status status="PASS" starttime="20211213 19:37:52.934" endtime="20211213 19:37:53.198"/>
</kw>
<kw name="Input Text" library="SeleniumLibrary">
<arg>user-name</arg>
<arg>locked_out_user</arg>
<doc>Types the given ``text`` into the text field identified by ``locator``.</doc>
<msg timestamp="20211213 19:37:53.198" level="INFO">Typing text 'locked_out_user' into text field 'user-name'.</msg>
<status status="PASS" starttime="20211213 19:37:53.198" endtime="20211213 19:37:54.122"/>
</kw>
<kw name="Input Password" library="SeleniumLibrary">
<arg>password</arg>
<arg>asdfgghk</arg>
<doc>Types the given password into the text field identified by ``locator``.</doc>
<msg timestamp="20211213 19:37:54.123" level="INFO">Typing password into text field 'password'.</msg>
<msg timestamp="20211213 19:37:54.565" level="INFO">Temporally setting log level to: NONE</msg>
<msg timestamp="20211213 19:37:54.835" level="INFO">Log level changed from NONE to INFO.</msg>
<status status="PASS" starttime="20211213 19:37:54.122" endtime="20211213 19:37:54.835"/>
</kw>
<kw name="Click Button" library="SeleniumLibrary">
<arg>login-button</arg>
<doc>Clicks the button identified by ``locator``.</doc>
<msg timestamp="20211213 19:37:54.835" level="INFO">Clicking button 'login-button'.</msg>
<status status="PASS" starttime="20211213 19:37:54.835" endtime="20211213 19:37:55.668"/>
</kw>
<kw name="Element Text Should Be" library="SeleniumLibrary">
<arg>xpath://*[@id="login_button_container"]/div/form/div[3]/h3</arg>
<arg>Epic sadface: Username and password do not match any user in this service</arg>
<doc>Verifies that element ``locator`` contains exact the text ``expected``.</doc>
<msg timestamp="20211213 19:37:55.669" level="INFO">Verifying element 'xpath://*[@id="login_button_container"]/div/form/div[3]/h3' contains exact text 'Epic sadface: Username and password do not match any user in this service'.</msg>
<status status="PASS" starttime="20211213 19:37:55.668" endtime="20211213 19:37:56.114"/>
</kw>
<kw name="Close Browser" library="SeleniumLibrary" type="TEARDOWN">
<doc>Closes the current browser.</doc>
<status status="PASS" starttime="20211213 19:37:56.115" endtime="20211213 19:37:56.380"/>
</kw>
<status status="PASS" starttime="20211213 19:37:49.260" endtime="20211213 19:37:56.380"/>
</test>
<doc>A test suite with for invalid logins

jfhfhfhf
hsdfhdhfh</doc>
<status status="PASS" starttime="20211213 19:37:41.898" endtime="20211213 19:37:56.382"/>
</suite>
<suite id="s1-s3" name="Sorting" source="/Users/gavin/Desktop/SeleniumIDERobotFrameworkPrac/tests/sorting.robot">
<test id="s1-s3-t1" name="Sort A-Z">
<kw name="Open Browser" library="SeleniumLibrary">
<arg>https://www.saucedemo.com/</arg>
<arg>chrome</arg>
<doc>Opens a new browser instance to the optional ``url``.</doc>
<msg timestamp="20211213 19:37:56.391" level="INFO">Opening browser 'chrome' to base url 'https://www.saucedemo.com/'.</msg>
<status status="PASS" starttime="20211213 19:37:56.390" endtime="20211213 19:37:59.744"/>
</kw>
<kw name="Maximize Browser Window" library="SeleniumLibrary">
<doc>Maximizes current browser window.</doc>
<status status="PASS" starttime="20211213 19:37:59.744" endtime="20211213 19:38:00.092"/>
</kw>
<kw name="Set Selenium Speed" library="SeleniumLibrary">
<arg>0.2</arg>
<doc>Sets the delay that is waited after each Selenium command.</doc>
<status status="PASS" starttime="20211213 19:38:00.092" endtime="20211213 19:38:00.092"/>
</kw>
<kw name="Page Should Contain Element" library="SeleniumLibrary">
<arg>login-button</arg>
<doc>Verifies that element ``locator`` is found on the current page.</doc>
<msg timestamp="20211213 19:38:00.343" level="INFO">Current page contains element 'login-button'.</msg>
<status status="PASS" starttime="20211213 19:38:00.093" endtime="20211213 19:38:00.343"/>
</kw>
<kw name="Input Text" library="SeleniumLibrary">
<arg>user-name</arg>
<arg>standard_user</arg>
<doc>Types the given ``text`` into the text field identified by ``locator``.</doc>
<msg timestamp="20211213 19:38:00.344" level="INFO">Typing text 'standard_user' into text field 'user-name'.</msg>
<status status="PASS" starttime="20211213 19:38:00.344" endtime="20211213 19:38:01.238"/>
</kw>
<kw name="Input Password" library="SeleniumLibrary">
<arg>password</arg>
<arg>secret_sauce</arg>
<doc>Types the given password into the text field identified by ``locator``.</doc>
<msg timestamp="20211213 19:38:01.238" level="INFO">Typing password into text field 'password'.</msg>
<msg timestamp="20211213 19:38:01.682" level="INFO">Temporally setting log level to: NONE</msg>
<msg timestamp="20211213 19:38:01.967" level="INFO">Log level changed from NONE to INFO.</msg>
<status status="PASS" starttime="20211213 19:38:01.238" endtime="20211213 19:38:01.968"/>
</kw>
<kw name="Click Button" library="SeleniumLibrary">
<arg>login-button</arg>
<doc>Clicks the button identified by ``locator``.</doc>
<msg timestamp="20211213 19:38:01.968" level="INFO">Clicking button 'login-button'.</msg>
<status status="PASS" starttime="20211213 19:38:01.968" endtime="20211213 19:38:03.165"/>
</kw>
<kw name="Select From List By Value" library="SeleniumLibrary">
<arg>xpath://*[@id="header_container"]/div[2]/div[2]/span/select</arg>
<arg>az</arg>
<doc>Selects options from selection list ``locator`` by ``values``.</doc>
<msg timestamp="20211213 19:38:03.165" level="INFO">Selecting options from selection list 'xpath://*[@id="header_container"]/div[2]/div[2]/span/select' by value az.</msg>
<status status="PASS" starttime="20211213 19:38:03.165" endtime="20211213 19:38:04.484"/>
</kw>
<kw name="Element Text Should Be" library="SeleniumLibrary">
<arg>xpath://html/body/div/div/div/div[2]/div/div/div/div[1]/div[2]/div[1]/a/div</arg>
<arg>Sauce Labs Backpack</arg>
<doc>Verifies that element ``locator`` contains exact the text ``expected``.</doc>
<msg timestamp="20211213 19:38:04.486" level="INFO">Verifying element 'xpath://html/body/div/div/div/div[2]/div/div/div/div[1]/div[2]/div[1]/a/div' contains exact text 'Sauce Labs Backpack'.</msg>
<status status="PASS" starttime="20211213 19:38:04.485" endtime="20211213 19:38:04.952"/>
</kw>
<kw name="Close Browser" library="SeleniumLibrary" type="TEARDOWN">
<doc>Closes the current browser.</doc>
<status status="PASS" starttime="20211213 19:38:04.954" endtime="20211213 19:38:05.223"/>
</kw>
<status status="PASS" starttime="20211213 19:37:56.390" endtime="20211213 19:38:05.223"/>
</test>
<test id="s1-s3-t2" name="Sort Z-A">
<kw name="Open Browser" library="SeleniumLibrary">
<arg>https://www.saucedemo.com/</arg>
<arg>chrome</arg>
<doc>Opens a new browser instance to the optional ``url``.</doc>
<msg timestamp="20211213 19:38:05.228" level="INFO">Opening browser 'chrome' to base url 'https://www.saucedemo.com/'.</msg>
<status status="PASS" starttime="20211213 19:38:05.226" endtime="20211213 19:38:08.547"/>
</kw>
<kw name="Maximize Browser Window" library="SeleniumLibrary">
<doc>Maximizes current browser window.</doc>
<status status="PASS" starttime="20211213 19:38:08.548" endtime="20211213 19:38:08.893"/>
</kw>
<kw name="Set Selenium Speed" library="SeleniumLibrary">
<arg>0.2</arg>
<doc>Sets the delay that is waited after each Selenium command.</doc>
<status status="PASS" starttime="20211213 19:38:08.894" endtime="20211213 19:38:08.894"/>
</kw>
<kw name="Page Should Contain Element" library="SeleniumLibrary">
<arg>login-button</arg>
<doc>Verifies that element ``locator`` is found on the current page.</doc>
<msg timestamp="20211213 19:38:09.159" level="INFO">Current page contains element 'login-button'.</msg>
<status status="PASS" starttime="20211213 19:38:08.894" endtime="20211213 19:38:09.159"/>
</kw>
<kw name="Input Text" library="SeleniumLibrary">
<arg>user-name</arg>
<arg>standard_user</arg>
<doc>Types the given ``text`` into the text field identified by ``locator``.</doc>
<msg timestamp="20211213 19:38:09.160" level="INFO">Typing text 'standard_user' into text field 'user-name'.</msg>
<status status="PASS" starttime="20211213 19:38:09.159" endtime="20211213 19:38:10.036"/>
</kw>
<kw name="Input Password" library="SeleniumLibrary">
<arg>password</arg>
<arg>secret_sauce</arg>
<doc>Types the given password into the text field identified by ``locator``.</doc>
<msg timestamp="20211213 19:38:10.037" level="INFO">Typing password into text field 'password'.</msg>
<msg timestamp="20211213 19:38:10.481" level="INFO">Temporally setting log level to: NONE</msg>
<msg timestamp="20211213 19:38:10.774" level="INFO">Log level changed from NONE to INFO.</msg>
<status status="PASS" starttime="20211213 19:38:10.036" endtime="20211213 19:38:10.774"/>
</kw>
<kw name="Click Button" library="SeleniumLibrary">
<arg>login-button</arg>
<doc>Clicks the button identified by ``locator``.</doc>
<msg timestamp="20211213 19:38:10.774" level="INFO">Clicking button 'login-button'.</msg>
<status status="PASS" starttime="20211213 19:38:10.774" endtime="20211213 19:38:11.875"/>
</kw>
<kw name="Select From List By Value" library="SeleniumLibrary">
<arg>xpath://*[@id="header_container"]/div[2]/div[2]/span/select</arg>
<arg>za</arg>
<doc>Selects options from selection list ``locator`` by ``values``.</doc>
<msg timestamp="20211213 19:38:11.875" level="INFO">Selecting options from selection list 'xpath://*[@id="header_container"]/div[2]/div[2]/span/select' by value za.</msg>
<status status="PASS" starttime="20211213 19:38:11.875" endtime="20211213 19:38:13.510"/>
</kw>
<kw name="Element Text Should Be" library="SeleniumLibrary">
<arg>xpath://html/body/div/div/div/div[2]/div/div/div/div[1]/div[2]/div[1]/a/div</arg>
<arg>Test.allTheThings() T-Shirt (Red)</arg>
<doc>Verifies that element ``locator`` contains exact the text ``expected``.</doc>
<msg timestamp="20211213 19:38:13.513" level="INFO">Verifying element 'xpath://html/body/div/div/div/div[2]/div/div/div/div[1]/div[2]/div[1]/a/div' contains exact text 'Test.allTheThings() T-Shirt (Red)'.</msg>
<status status="PASS" starttime="20211213 19:38:13.512" endtime="20211213 19:38:13.976"/>
</kw>
<kw name="Close Browser" library="SeleniumLibrary" type="TEARDOWN">
<doc>Closes the current browser.</doc>
<status status="PASS" starttime="20211213 19:38:13.978" endtime="20211213 19:38:14.243"/>
</kw>
<status status="PASS" starttime="20211213 19:38:05.225" endtime="20211213 19:38:14.243"/>
</test>
<test id="s1-s3-t3" name="Sort low to high">
<kw name="Open Browser" library="SeleniumLibrary">
<arg>https://www.saucedemo.com/</arg>
<arg>chrome</arg>
<doc>Opens a new browser instance to the optional ``url``.</doc>
<msg timestamp="20211213 19:38:14.245" level="INFO">Opening browser 'chrome' to base url 'https://www.saucedemo.com/'.</msg>
<status status="PASS" starttime="20211213 19:38:14.244" endtime="20211213 19:38:17.684"/>
</kw>
<kw name="Maximize Browser Window" library="SeleniumLibrary">
<doc>Maximizes current browser window.</doc>
<status status="PASS" starttime="20211213 19:38:17.685" endtime="20211213 19:38:18.028"/>
</kw>
<kw name="Set Selenium Speed" library="SeleniumLibrary">
<arg>0.2</arg>
<doc>Sets the delay that is waited after each Selenium command.</doc>
<status status="PASS" starttime="20211213 19:38:18.029" endtime="20211213 19:38:18.029"/>
</kw>
<kw name="Page Should Contain Element" library="SeleniumLibrary">
<arg>login-button</arg>
<doc>Verifies that element ``locator`` is found on the current page.</doc>
<msg timestamp="20211213 19:38:18.290" level="INFO">Current page contains element 'login-button'.</msg>
<status status="PASS" starttime="20211213 19:38:18.029" endtime="20211213 19:38:18.290"/>
</kw>
<kw name="Input Text" library="SeleniumLibrary">
<arg>user-name</arg>
<arg>standard_user</arg>
<doc>Types the given ``text`` into the text field identified by ``locator``.</doc>
<msg timestamp="20211213 19:38:18.291" level="INFO">Typing text 'standard_user' into text field 'user-name'.</msg>
<status status="PASS" starttime="20211213 19:38:18.291" endtime="20211213 19:38:19.243"/>
</kw>
<kw name="Input Password" library="SeleniumLibrary">
<arg>password</arg>
<arg>secret_sauce</arg>
<doc>Types the given password into the text field identified by ``locator``.</doc>
<msg timestamp="20211213 19:38:19.244" level="INFO">Typing password into text field 'password'.</msg>
<msg timestamp="20211213 19:38:19.688" level="INFO">Temporally setting log level to: NONE</msg>
<msg timestamp="20211213 19:38:19.977" level="INFO">Log level changed from NONE to INFO.</msg>
<status status="PASS" starttime="20211213 19:38:19.243" endtime="20211213 19:38:19.977"/>
</kw>
<kw name="Click Button" library="SeleniumLibrary">
<arg>login-button</arg>
<doc>Clicks the button identified by ``locator``.</doc>
<msg timestamp="20211213 19:38:19.977" level="INFO">Clicking button 'login-button'.</msg>
<status status="PASS" starttime="20211213 19:38:19.977" endtime="20211213 19:38:21.173"/>
</kw>
<kw name="Select From List By Value" library="SeleniumLibrary">
<arg>xpath://*[@id="header_container"]/div[2]/div[2]/span/select</arg>
<arg>lohi</arg>
<doc>Selects options from selection list ``locator`` by ``values``.</doc>
<msg timestamp="20211213 19:38:21.173" level="INFO">Selecting options from selection list 'xpath://*[@id="header_container"]/div[2]/div[2]/span/select' by value lohi.</msg>
<status status="PASS" starttime="20211213 19:38:21.173" endtime="20211213 19:38:22.785"/>
</kw>
<kw name="Element Text Should Be" library="SeleniumLibrary">
<arg>xpath://html/body/div/div/div/div[2]/div/div/div/div[1]/div[2]/div[1]/a/div</arg>
<arg>Sauce Labs Onesie</arg>
<doc>Verifies that element ``locator`` contains exact the text ``expected``.</doc>
<msg timestamp="20211213 19:38:22.787" level="INFO">Verifying element 'xpath://html/body/div/div/div/div[2]/div/div/div/div[1]/div[2]/div[1]/a/div' contains exact text 'Sauce Labs Onesie'.</msg>
<status status="PASS" starttime="20211213 19:38:22.786" endtime="20211213 19:38:23.251"/>
</kw>
<kw name="Close Browser" library="SeleniumLibrary" type="TEARDOWN">
<doc>Closes the current browser.</doc>
<status status="PASS" starttime="20211213 19:38:23.252" endtime="20211213 19:38:23.519"/>
</kw>
<status status="PASS" starttime="20211213 19:38:14.243" endtime="20211213 19:38:23.519"/>
</test>
<test id="s1-s3-t4" name="Sort high to low">
<kw name="Open Browser" library="SeleniumLibrary">
<arg>https://www.saucedemo.com/</arg>
<arg>chrome</arg>
<doc>Opens a new browser instance to the optional ``url``.</doc>
<msg timestamp="20211213 19:38:23.528" level="INFO">Opening browser 'chrome' to base url 'https://www.saucedemo.com/'.</msg>
<status status="PASS" starttime="20211213 19:38:23.526" endtime="20211213 19:38:27.039"/>
</kw>
<kw name="Maximize Browser Window" library="SeleniumLibrary">
<doc>Maximizes current browser window.</doc>
<status status="PASS" starttime="20211213 19:38:27.040" endtime="20211213 19:38:27.549"/>
</kw>
<kw name="Set Selenium Speed" library="SeleniumLibrary">
<arg>0.2</arg>
<doc>Sets the delay that is waited after each Selenium command.</doc>
<status status="PASS" starttime="20211213 19:38:27.549" endtime="20211213 19:38:27.550"/>
</kw>
<kw name="Page Should Contain Element" library="SeleniumLibrary">
<arg>login-button</arg>
<doc>Verifies that element ``locator`` is found on the current page.</doc>
<msg timestamp="20211213 19:38:27.837" level="INFO">Current page contains element 'login-button'.</msg>
<status status="PASS" starttime="20211213 19:38:27.550" endtime="20211213 19:38:27.837"/>
</kw>
<kw name="Input Text" library="SeleniumLibrary">
<arg>user-name</arg>
<arg>standard_user</arg>
<doc>Types the given ``text`` into the text field identified by ``locator``.</doc>
<msg timestamp="20211213 19:38:27.838" level="INFO">Typing text 'standard_user' into text field 'user-name'.</msg>
<status status="PASS" starttime="20211213 19:38:27.837" endtime="20211213 19:38:28.740"/>
</kw>
<kw name="Input Password" library="SeleniumLibrary">
<arg>password</arg>
<arg>secret_sauce</arg>
<doc>Types the given password into the text field identified by ``locator``.</doc>
<msg timestamp="20211213 19:38:28.741" level="INFO">Typing password into text field 'password'.</msg>
<msg timestamp="20211213 19:38:29.189" level="INFO">Temporally setting log level to: NONE</msg>
<msg timestamp="20211213 19:38:29.490" level="INFO">Log level changed from NONE to INFO.</msg>
<status status="PASS" starttime="20211213 19:38:28.741" endtime="20211213 19:38:29.490"/>
</kw>
<kw name="Click Button" library="SeleniumLibrary">
<arg>login-button</arg>
<doc>Clicks the button identified by ``locator``.</doc>
<msg timestamp="20211213 19:38:29.490" level="INFO">Clicking button 'login-button'.</msg>
<status status="PASS" starttime="20211213 19:38:29.490" endtime="20211213 19:38:30.614"/>
</kw>
<kw name="Select From List By Value" library="SeleniumLibrary">
<arg>xpath://*[@id="header_container"]/div[2]/div[2]/span/select</arg>
<arg>hilo</arg>
<doc>Selects options from selection list ``locator`` by ``values``.</doc>
<msg timestamp="20211213 19:38:30.615" level="INFO">Selecting options from selection list 'xpath://*[@id="header_container"]/div[2]/div[2]/span/select' by value hilo.</msg>
<status status="PASS" starttime="20211213 19:38:30.614" endtime="20211213 19:38:32.218"/>
</kw>
<kw name="Element Text Should Be" library="SeleniumLibrary">
<arg>xpath://html/body/div/div/div/div[2]/div/div/div/div[1]/div[2]/div[1]/a/div</arg>
<arg>Sauce Labs Fleece Jacket</arg>
<doc>Verifies that element ``locator`` contains exact the text ``expected``.</doc>
<msg timestamp="20211213 19:38:32.221" level="INFO">Verifying element 'xpath://html/body/div/div/div/div[2]/div/div/div/div[1]/div[2]/div[1]/a/div' contains exact text 'Sauce Labs Fleece Jacket'.</msg>
<status status="PASS" starttime="20211213 19:38:32.219" endtime="20211213 19:38:32.664"/>
</kw>
<kw name="Close Browser" library="SeleniumLibrary" type="TEARDOWN">
<doc>Closes the current browser.</doc>
<status status="PASS" starttime="20211213 19:38:32.665" endtime="20211213 19:38:32.930"/>
</kw>
<status status="PASS" starttime="20211213 19:38:23.521" endtime="20211213 19:38:32.930"/>
</test>
<doc>A test suite with for the sorting

jfhfhfhf
hsdfhdhfh</doc>
<status status="PASS" starttime="20211213 19:37:56.384" endtime="20211213 19:38:32.932"/>
</suite>
<suite id="s1-s4" name="Valid Login" source="/Users/gavin/Desktop/SeleniumIDERobotFrameworkPrac/tests/valid_login.robot">
<test id="s1-s4-t1" name="Valid Login">
<kw name="Open Browser" library="SeleniumLibrary">
<arg>https://www.saucedemo.com/</arg>
<arg>chrome</arg>
<doc>Opens a new browser instance to the optional ``url``.</doc>
<msg timestamp="20211213 19:38:32.941" level="INFO">Opening browser 'chrome' to base url 'https://www.saucedemo.com/'.</msg>
<status status="PASS" starttime="20211213 19:38:32.941" endtime="20211213 19:38:36.654"/>
</kw>
<kw name="Maximize Browser Window" library="SeleniumLibrary">
<doc>Maximizes current browser window.</doc>
<status status="PASS" starttime="20211213 19:38:36.654" endtime="20211213 19:38:37.103"/>
</kw>
<kw name="Set Selenium Speed" library="SeleniumLibrary">
<arg>0.2</arg>
<doc>Sets the delay that is waited after each Selenium command.</doc>
<status status="PASS" starttime="20211213 19:38:37.104" endtime="20211213 19:38:37.107"/>
</kw>
<kw name="Page Should Contain Element" library="SeleniumLibrary">
<arg>login-button</arg>
<doc>Verifies that element ``locator`` is found on the current page.</doc>
<msg timestamp="20211213 19:38:37.406" level="INFO">Current page contains element 'login-button'.</msg>
<status status="PASS" starttime="20211213 19:38:37.108" endtime="20211213 19:38:37.407"/>
</kw>
<kw name="Input Text" library="SeleniumLibrary">
<arg>user-name</arg>
<arg>standard_user</arg>
<doc>Types the given ``text`` into the text field identified by ``locator``.</doc>
<msg timestamp="20211213 19:38:37.408" level="INFO">Typing text 'standard_user' into text field 'user-name'.</msg>
<status status="PASS" starttime="20211213 19:38:37.407" endtime="20211213 19:38:38.306"/>
</kw>
<kw name="Input Password" library="SeleniumLibrary">
<arg>password</arg>
<arg>secret_sauce</arg>
<doc>Types the given password into the text field identified by ``locator``.</doc>
<msg timestamp="20211213 19:38:38.307" level="INFO">Typing password into text field 'password'.</msg>
<msg timestamp="20211213 19:38:38.752" level="INFO">Temporally setting log level to: NONE</msg>
<msg timestamp="20211213 19:38:39.058" level="INFO">Log level changed from NONE to INFO.</msg>
<status status="PASS" starttime="20211213 19:38:38.306" endtime="20211213 19:38:39.058"/>
</kw>
<kw name="Click Button" library="SeleniumLibrary">
<arg>login-button</arg>
<doc>Clicks the button identified by ``locator``.</doc>
<msg timestamp="20211213 19:38:39.058" level="INFO">Clicking button 'login-button'.</msg>
<status status="PASS" starttime="20211213 19:38:39.058" endtime="20211213 19:38:40.107"/>
</kw>
<kw name="Element Text Should Be" library="SeleniumLibrary">
<arg>class:title</arg>
<arg>PRODUCTS</arg>
<doc>Verifies that element ``locator`` contains exact the text ``expected``.</doc>
<msg timestamp="20211213 19:38:40.109" level="INFO">Verifying element 'class:title' contains exact text 'PRODUCTS'.</msg>
<status status="PASS" starttime="20211213 19:38:40.108" endtime="20211213 19:38:40.563"/>
</kw>
<kw name="Close Browser" library="SeleniumLibrary" type="TEARDOWN">
<doc>Closes the current browser.</doc>
<status status="PASS" starttime="20211213 19:38:40.564" endtime="20211213 19:38:40.829"/>
</kw>
<status status="PASS" starttime="20211213 19:38:32.940" endtime="20211213 19:38:40.829"/>
</test>
<doc>A test suite with a single test for valid login

jfhfhfhf
hsdfhdhfh</doc>
<status status="PASS" starttime="20211213 19:38:32.935" endtime="20211213 19:38:40.833"/>
</suite>
<status status="PASS" starttime="20211213 19:37:34.239" endtime="20211213 19:38:40.839"/>
</suite>
<statistics>
<total>
<stat pass="8" fail="0" skip="0">All Tests</stat>
</total>
<tag>
</tag>
<suite>
<stat pass="8" fail="0" skip="0" id="s1" name="Tests">Tests</stat>
<stat pass="1" fail="0" skip="0" id="s1-s1" name="Bugged Login">Tests.Bugged Login</stat>
<stat pass="2" fail="0" skip="0" id="s1-s2" name="Invalid Login">Tests.Invalid Login</stat>
<stat pass="4" fail="0" skip="0" id="s1-s3" name="Sorting">Tests.Sorting</stat>
<stat pass="1" fail="0" skip="0" id="s1-s4" name="Valid Login">Tests.Valid Login</stat>
</suite>
</statistics>
<errors>
</errors>
</robot>
